<?xml version="1.0" encoding="UTF-8"?>
<!-- Generated by org.testng.reporters.JUnitReportReporter -->
<testsuite hostname="GopinathKumsi" failures="0" tests="1" name="com.month.Almonths" time="13.825" errors="0" timestamp="2020-11-16T16:10:02 IST" skipped="0">
  <testcase classname="com.month.Almonths" name="getMonthsDetails" time="13.825"/>
</testsuite> <!-- com.month.Almonths -->
